Multiplication test:
input poly len: 2^20 x 64 bit. Benchmark in micro seconds.
fail count: 0.
check: 0
benchmark (fn:bitpolymul_2_64()) :
141254 (micro sec., avg. of 100): 141170 141235 140943 142451 141471 143132
benchmark (fn:bitpolymul_2_128()) :
161465 (micro sec., avg. of 100): 161472 161041 161288 161510 162942 161217

benchmark (tr ) :
19044 (micro sec., avg. of 204): 20729 17593 20372 17592 21450 17494
benchmark (tr2) :
10605 (micro sec., avg. of 204): 8923 12480 8974 12932 9091 12923
benchmark (ch ) :
-nan (micro sec., avg. of 0): 0 0 0 0 0 0
benchmark (bc) :
16440 (micro sec., avg. of 204): 16540 15359 16442 15413 16843 16148
benchmark (butterfly) :
57748 (micro sec., avg. of 204): 51133 64431 51420 64299 51041 64360
benchmark (pointmul) :
2799 (micro sec., avg. of 204): 2303 3330 2297 3327 2303 3329
benchmark (pointmul_tower) :
-nan (micro sec., avg. of 0): 0 0 0 0 0 0
benchmark (ibutterfly) :
28609 (micro sec., avg. of 204): 25698 31534 25588 31654 25593 31467
benchmark (ibc) :
14271 (micro sec., avg. of 204): 14041 14486 14045 14262 14334 14030
benchmark (ich ) :
-nan (micro sec., avg. of 0): 0 0 0 0 0 0

